
*** Running vivado
    with args -log BBa.vds -m64 -product Vivado -mode batch -messageDb vivado.pb -notrace -source BBa.tcl



****** Vivado v2024.1 (64-bit)
  **** SW Build 5076996 on Wed May 22 18:37:14 MDT 2024
  **** IP Build 5075265 on Wed May 22 21:45:21 MDT 2024
  **** SharedData Build 5076995 on Wed May 22 18:29:18 MDT 2024
  **** Start of session at: Sat Nov 30 23:51:13 2024
    ** Copyright 1986-2022 Xilinx, Inc. All Rights Reserved.
    ** Copyright 2022-2024 Advanced Micro Devices, Inc. All Rights Reserved.

source BBa.tcl -notrace
create_project: Time (s): cpu = 00:00:04 ; elapsed = 00:00:06 . Memory (MB): peak = 531.246 ; gain = 200.016
Command: read_checkpoint -auto_incremental -incremental C:/Users/sergi/DSD_FINAL_Project/DSD_FINAL_Project.srcs/utils_1/imports/synth_1/BBa.dcp
INFO: [Vivado 12-5825] Read reference checkpoint from C:/Users/sergi/DSD_FINAL_Project/DSD_FINAL_Project.srcs/utils_1/imports/synth_1/BBa.dcp for incremental synthesis
INFO: [Vivado 12-7989] Please ensure there are no constraint changes
Command: synth_design -top BBa -part xc7a100tcsg324-1
Starting synth_design
Attempting to get a license for feature 'Synthesis' and/or device 'xc7a100t'
INFO: [Common 17-349] Got license for feature 'Synthesis' and/or device 'xc7a100t'
INFO: [Device 21-403] Loading part xc7a100tcsg324-1
INFO: [Device 21-9227] Part: xc7a100tcsg324-1 does not have CEAM library.
INFO: [Designutils 20-5440] No compile time benefit to using incremental synthesis; A full resynthesis will be run
INFO: [Designutils 20-4379] Flow is switching to default flow due to incremental criteria not met. If you would like to alter this behaviour and have the flow terminate instead, please set the following parameter config_implementation {autoIncr.Synth.RejectBehavior Terminate}
INFO: [Synth 8-7079] Multithreading enabled for synth_design using a maximum of 2 processes.
INFO: [Synth 8-7078] Launching helper process for spawning children vivado processes
INFO: [Synth 8-7075] Helper process launched with PID 4124
---------------------------------------------------------------------------------
Starting RTL Elaboration : Time (s): cpu = 00:00:03 ; elapsed = 00:00:04 . Memory (MB): peak = 1400.676 ; gain = 448.332
---------------------------------------------------------------------------------
INFO: [Synth 8-6157] synthesizing module 'BBa' [C:/Users/sergi/DSD_FINAL_Project/DSD_FINAL_Project.srcs/sources_1/new/project.v:9]
INFO: [Synth 8-6157] synthesizing module 'PWM_Gen' [C:/Users/sergi/DSD_FINAL_Project/DSD_FINAL_Project.srcs/sources_1/new/project.v:68]
INFO: [Synth 8-6155] done synthesizing module 'PWM_Gen' (0#1) [C:/Users/sergi/DSD_FINAL_Project/DSD_FINAL_Project.srcs/sources_1/new/project.v:68]
WARNING: [Synth 8-689] width (20) of port connection 'Input' does not match port width (64) of module 'PWM_Gen' [C:/Users/sergi/DSD_FINAL_Project/DSD_FINAL_Project.srcs/sources_1/new/project.v:35]
INFO: [Synth 8-155] case statement is not full and has no default [C:/Users/sergi/DSD_FINAL_Project/DSD_FINAL_Project.srcs/sources_1/new/project.v:39]
INFO: [Synth 8-6157] synthesizing module 'SSEG' [C:/Users/sergi/DSD_FINAL_Project/DSD_FINAL_Project.srcs/sources_1/new/project.v:97]
INFO: [Synth 8-6157] synthesizing module 'CLK100MHZ_divider' [C:/Users/sergi/DSD_FINAL_Project/DSD_FINAL_Project.srcs/sources_1/new/project.v:162]
INFO: [Synth 8-6155] done synthesizing module 'CLK100MHZ_divider' (0#1) [C:/Users/sergi/DSD_FINAL_Project/DSD_FINAL_Project.srcs/sources_1/new/project.v:162]
INFO: [Synth 8-6155] done synthesizing module 'SSEG' (0#1) [C:/Users/sergi/DSD_FINAL_Project/DSD_FINAL_Project.srcs/sources_1/new/project.v:97]
WARNING: [Synth 8-689] width (32) of port connection 'BCD' does not match port width (16) of module 'SSEG' [C:/Users/sergi/DSD_FINAL_Project/DSD_FINAL_Project.srcs/sources_1/new/project.v:63]
INFO: [Synth 8-6155] done synthesizing module 'BBa' (0#1) [C:/Users/sergi/DSD_FINAL_Project/DSD_FINAL_Project.srcs/sources_1/new/project.v:9]
---------------------------------------------------------------------------------
Finished RTL Elaboration : Time (s): cpu = 00:00:03 ; elapsed = 00:00:05 . Memory (MB): peak = 1510.691 ; gain = 558.348
---------------------------------------------------------------------------------
---------------------------------------------------------------------------------
Start Handling Custom Attributes
---------------------------------------------------------------------------------
---------------------------------------------------------------------------------
Finished Handling Custom Attributes : Time (s): cpu = 00:00:04 ; elapsed = 00:00:05 . Memory (MB): peak = 1510.691 ; gain = 558.348
---------------------------------------------------------------------------------
---------------------------------------------------------------------------------
Finished RTL Optimization Phase 1 : Time (s): cpu = 00:00:04 ; elapsed = 00:00:05 . Memory (MB): peak = 1510.691 ; gain = 558.348
---------------------------------------------------------------------------------
Netlist sorting complete. Time (s): cpu = 00:00:00 ; elapsed = 00:00:00.009 . Memory (MB): peak = 1510.691 ; gain = 0.000
INFO: [Project 1-570] Preparing netlist for logic optimization

Processing XDC Constraints
Initializing timing engine
Parsing XDC File [C:/Users/sergi/DSD_FINAL_Project/DSD_FINAL_Project.srcs/constrs_1/new/project_cf.xdc]
WARNING: [Vivado 12-584] No ports matched 'UART_TXD'. [C:/Users/sergi/DSD_FINAL_Project/DSD_FINAL_Project.srcs/constrs_1/new/project_cf.xdc:220]
CRITICAL WARNING: [Common 17-55] 'set_property' expects at least one object. [C:/Users/sergi/DSD_FINAL_Project/DSD_FINAL_Project.srcs/constrs_1/new/project_cf.xdc:220]
Resolution: If [get_<value>] was used to populate the object, check to make sure this command returns at least one valid object.
WARNING: [Vivado 12-584] No ports matched 'PS2_CLK'. [C:/Users/sergi/DSD_FINAL_Project/DSD_FINAL_Project.srcs/constrs_1/new/project_cf.xdc:226]
CRITICAL WARNING: [Common 17-55] 'set_property' expects at least one object. [C:/Users/sergi/DSD_FINAL_Project/DSD_FINAL_Project.srcs/constrs_1/new/project_cf.xdc:226]
Resolution: If [get_<value>] was used to populate the object, check to make sure this command returns at least one valid object.
WARNING: [Vivado 12-584] No ports matched 'PS2_DATA'. [C:/Users/sergi/DSD_FINAL_Project/DSD_FINAL_Project.srcs/constrs_1/new/project_cf.xdc:227]
CRITICAL WARNING: [Common 17-55] 'set_property' expects at least one object. [C:/Users/sergi/DSD_FINAL_Project/DSD_FINAL_Project.srcs/constrs_1/new/project_cf.xdc:227]
Resolution: If [get_<value>] was used to populate the object, check to make sure this command returns at least one valid object.
Finished Parsing XDC File [C:/Users/sergi/DSD_FINAL_Project/DSD_FINAL_Project.srcs/constrs_1/new/project_cf.xdc]
INFO: [Project 1-236] Implementation specific constraints were found while reading constraint file [C:/Users/sergi/DSD_FINAL_Project/DSD_FINAL_Project.srcs/constrs_1/new/project_cf.xdc]. These constraints will be ignored for synthesis but will be used in implementation. Impacted constraints are listed in the file [.Xil/BBa_propImpl.xdc].
Resolution: To avoid this warning, move constraints listed in [.Xil/BBa_propImpl.xdc] to another XDC file and exclude this new file from synthesis with the used_in_synthesis property (File Properties dialog in GUI) and re-run elaboration/synthesis.
Completed Processing XDC Constraints

Netlist sorting complete. Time (s): cpu = 00:00:00 ; elapsed = 00:00:00 . Memory (MB): peak = 1600.211 ; gain = 0.000
INFO: [Project 1-111] Unisim Transformation Summary:
No Unisim elements were transformed.

Constraint Validation Runtime : Time (s): cpu = 00:00:00 ; elapsed = 00:00:00.002 . Memory (MB): peak = 1600.211 ; gain = 0.000
INFO: [Designutils 20-5440] No compile time benefit to using incremental synthesis; A full resynthesis will be run
INFO: [Designutils 20-4379] Flow is switching to default flow due to incremental criteria not met. If you would like to alter this behaviour and have the flow terminate instead, please set the following parameter config_implementation {autoIncr.Synth.RejectBehavior Terminate}
---------------------------------------------------------------------------------
Finished Constraint Validation : Time (s): cpu = 00:00:07 ; elapsed = 00:00:12 . Memory (MB): peak = 1600.211 ; gain = 647.867
---------------------------------------------------------------------------------
---------------------------------------------------------------------------------
Start Loading Part and Timing Information
---------------------------------------------------------------------------------
Loading part: xc7a100tcsg324-1
---------------------------------------------------------------------------------
Finished Loading Part and Timing Information : Time (s): cpu = 00:00:07 ; elapsed = 00:00:12 . Memory (MB): peak = 1600.211 ; gain = 647.867
---------------------------------------------------------------------------------
---------------------------------------------------------------------------------
Start Applying 'set_property' XDC Constraints
---------------------------------------------------------------------------------
---------------------------------------------------------------------------------
Finished applying 'set_property' XDC Constraints : Time (s): cpu = 00:00:07 ; elapsed = 00:00:12 . Memory (MB): peak = 1600.211 ; gain = 647.867
---------------------------------------------------------------------------------
INFO: [Synth 8-802] inferred FSM for state register 'NextState_reg' in module 'BBa'
---------------------------------------------------------------------------------------------------
                   State |                     New Encoding |                Previous Encoding 
---------------------------------------------------------------------------------------------------
                  iSTATE |                              001 |                             0000
                 iSTATE1 |                              010 |                             0001
                 iSTATE0 |                              100 |                             0010
---------------------------------------------------------------------------------------------------
INFO: [Synth 8-3354] encoded FSM with state register 'NextState_reg' using encoding 'one-hot' in module 'BBa'
---------------------------------------------------------------------------------
Finished RTL Optimization Phase 2 : Time (s): cpu = 00:00:08 ; elapsed = 00:00:12 . Memory (MB): peak = 1600.211 ; gain = 647.867
---------------------------------------------------------------------------------
---------------------------------------------------------------------------------
Start RTL Component Statistics 
---------------------------------------------------------------------------------
Detailed RTL Component Info : 
+---Adders : 
	   2 Input   64 Bit       Adders := 1     
	   2 Input   32 Bit       Adders := 2     
	   2 Input    4 Bit       Adders := 1     
+---Registers : 
	               64 Bit    Registers := 1     
	               32 Bit    Registers := 2     
	                8 Bit    Registers := 1     
	                4 Bit    Registers := 2     
	                1 Bit    Registers := 3     
+---Muxes : 
	   2 Input   64 Bit        Muxes := 2     
	   2 Input   32 Bit        Muxes := 3     
	   3 Input   32 Bit        Muxes := 1     
	   2 Input    8 Bit        Muxes := 1     
	   4 Input    8 Bit        Muxes := 1     
	   4 Input    4 Bit        Muxes := 1     
	   3 Input    3 Bit        Muxes := 1     
	   2 Input    3 Bit        Muxes := 2     
	   2 Input    1 Bit        Muxes := 3     
	   4 Input    1 Bit        Muxes := 1     
	   3 Input    1 Bit        Muxes := 3     
	   6 Input    1 Bit        Muxes := 1     
---------------------------------------------------------------------------------
Finished RTL Component Statistics 
---------------------------------------------------------------------------------
---------------------------------------------------------------------------------
Start Part Resource Summary
---------------------------------------------------------------------------------
Part Resources:
DSPs: 240 (col length:80)
BRAMs: 270 (col length: RAMB18 80 RAMB36 40)
---------------------------------------------------------------------------------
Finished Part Resource Summary
---------------------------------------------------------------------------------
---------------------------------------------------------------------------------
Start Cross Boundary and Area Optimization
---------------------------------------------------------------------------------
WARNING: [Synth 8-7080] Parallel synthesis criteria is not met
---------------------------------------------------------------------------------
Finished Cross Boundary and Area Optimization : Time (s): cpu = 00:00:09 ; elapsed = 00:00:14 . Memory (MB): peak = 1600.211 ; gain = 647.867
---------------------------------------------------------------------------------
---------------------------------------------------------------------------------
Start Applying XDC Timing Constraints
---------------------------------------------------------------------------------
---------------------------------------------------------------------------------
Finished Applying XDC Timing Constraints : Time (s): cpu = 00:00:11 ; elapsed = 00:00:18 . Memory (MB): peak = 1600.211 ; gain = 647.867
---------------------------------------------------------------------------------
---------------------------------------------------------------------------------
Start Timing Optimization
---------------------------------------------------------------------------------
---------------------------------------------------------------------------------
Finished Timing Optimization : Time (s): cpu = 00:00:11 ; elapsed = 00:00:19 . Memory (MB): peak = 1600.211 ; gain = 647.867
---------------------------------------------------------------------------------
---------------------------------------------------------------------------------
Start Technology Mapping
---------------------------------------------------------------------------------
---------------------------------------------------------------------------------
Finished Technology Mapping : Time (s): cpu = 00:00:11 ; elapsed = 00:00:19 . Memory (MB): peak = 1600.211 ; gain = 647.867
---------------------------------------------------------------------------------
---------------------------------------------------------------------------------
Start IO Insertion
---------------------------------------------------------------------------------
---------------------------------------------------------------------------------
Start Flattening Before IO Insertion
---------------------------------------------------------------------------------
---------------------------------------------------------------------------------
Finished Flattening Before IO Insertion
---------------------------------------------------------------------------------
---------------------------------------------------------------------------------
Start Final Netlist Cleanup
---------------------------------------------------------------------------------
---------------------------------------------------------------------------------
Finished Final Netlist Cleanup
---------------------------------------------------------------------------------
---------------------------------------------------------------------------------
Finished IO Insertion : Time (s): cpu = 00:00:14 ; elapsed = 00:00:22 . Memory (MB): peak = 1600.211 ; gain = 647.867
---------------------------------------------------------------------------------
---------------------------------------------------------------------------------
Start Renaming Generated Instances
---------------------------------------------------------------------------------
---------------------------------------------------------------------------------
Finished Renaming Generated Instances : Time (s): cpu = 00:00:14 ; elapsed = 00:00:22 . Memory (MB): peak = 1600.211 ; gain = 647.867
---------------------------------------------------------------------------------
---------------------------------------------------------------------------------
Start Rebuilding User Hierarchy
---------------------------------------------------------------------------------
---------------------------------------------------------------------------------
Finished Rebuilding User Hierarchy : Time (s): cpu = 00:00:14 ; elapsed = 00:00:22 . Memory (MB): peak = 1600.211 ; gain = 647.867
---------------------------------------------------------------------------------
---------------------------------------------------------------------------------
Start Renaming Generated Ports
---------------------------------------------------------------------------------
---------------------------------------------------------------------------------
Finished Renaming Generated Ports : Time (s): cpu = 00:00:14 ; elapsed = 00:00:22 . Memory (MB): peak = 1600.211 ; gain = 647.867
---------------------------------------------------------------------------------
---------------------------------------------------------------------------------
Start Handling Custom Attributes
---------------------------------------------------------------------------------
---------------------------------------------------------------------------------
Finished Handling Custom Attributes : Time (s): cpu = 00:00:14 ; elapsed = 00:00:22 . Memory (MB): peak = 1600.211 ; gain = 647.867
---------------------------------------------------------------------------------
---------------------------------------------------------------------------------
Start Renaming Generated Nets
---------------------------------------------------------------------------------
---------------------------------------------------------------------------------
Finished Renaming Generated Nets : Time (s): cpu = 00:00:14 ; elapsed = 00:00:22 . Memory (MB): peak = 1600.211 ; gain = 647.867
---------------------------------------------------------------------------------
---------------------------------------------------------------------------------
Start Writing Synthesis Report
---------------------------------------------------------------------------------

Report BlackBoxes: 
+-+--------------+----------+
| |BlackBox name |Instances |
+-+--------------+----------+
+-+--------------+----------+

Report Cell Usage: 
+------+-------+------+
|      |Cell   |Count |
+------+-------+------+
|1     |BUFG   |     1|
|2     |CARRY4 |    54|
|3     |LUT1   |    10|
|4     |LUT2   |    56|
|5     |LUT3   |    26|
|6     |LUT4   |    11|
|7     |LUT5   |     2|
|8     |LUT6   |    33|
|9     |FDRE   |   159|
|10    |FDSE   |     4|
|11    |IBUF   |    18|
|12    |OBUF   |    19|
+------+-------+------+
---------------------------------------------------------------------------------
Finished Writing Synthesis Report : Time (s): cpu = 00:00:14 ; elapsed = 00:00:22 . Memory (MB): peak = 1600.211 ; gain = 647.867
---------------------------------------------------------------------------------
Synthesis finished with 0 errors, 0 critical warnings and 1 warnings.
Synthesis Optimization Runtime : Time (s): cpu = 00:00:09 ; elapsed = 00:00:20 . Memory (MB): peak = 1600.211 ; gain = 558.348
Synthesis Optimization Complete : Time (s): cpu = 00:00:14 ; elapsed = 00:00:22 . Memory (MB): peak = 1600.211 ; gain = 647.867
INFO: [Project 1-571] Translating synthesized netlist
Netlist sorting complete. Time (s): cpu = 00:00:00 ; elapsed = 00:00:00.003 . Memory (MB): peak = 1600.211 ; gain = 0.000
INFO: [Netlist 29-17] Analyzing 54 Unisim elements for replacement
INFO: [Netlist 29-28] Unisim Transformation completed in 0 CPU seconds
INFO: [Project 1-570] Preparing netlist for logic optimization
INFO: [Opt 31-138] Pushed 0 inverter(s) to 0 load pin(s).
Netlist sorting complete. Time (s): cpu = 00:00:00 ; elapsed = 00:00:00 . Memory (MB): peak = 1600.211 ; gain = 0.000
INFO: [Project 1-111] Unisim Transformation Summary:
No Unisim elements were transformed.

Synth Design complete | Checksum: e2081a92
INFO: [Common 17-83] Releasing license: Synthesis
33 Infos, 6 Warnings, 3 Critical Warnings and 0 Errors encountered.
synth_design completed successfully
synth_design: Time (s): cpu = 00:00:15 ; elapsed = 00:00:27 . Memory (MB): peak = 1600.211 ; gain = 1064.648
INFO: [runtcl-6] Synthesis results are not added to the cache due to CRITICAL_WARNING
Write ShapeDB Complete: Time (s): cpu = 00:00:00 ; elapsed = 00:00:00.002 . Memory (MB): peak = 1600.211 ; gain = 0.000
INFO: [Common 17-1381] The checkpoint 'C:/Users/sergi/DSD_FINAL_Project/DSD_FINAL_Project.runs/synth_1/BBa.dcp' has been generated.
INFO: [Vivado 12-24828] Executing command : report_utilization -file BBa_utilization_synth.rpt -pb BBa_utilization_synth.pb
INFO: [Common 17-206] Exiting Vivado at Sat Nov 30 23:51:49 2024...
